<?xml version="1.0" encoding="UTF-8"?>
<robot generator="Robot 7.3 (Python 3.13.4 on win32)" generated="2025-06-12T12:18:43.957506" rpa="false" schemaversion="5">
<suite id="s1" name="DELETE" source="C:\Users\sampo\PycharmProjects\JuneRoboFwEgindia2025\API\LabSession\DELETE.robot">
<test id="s1-t1" name="DELETe request example" line="9">
<kw name="Create Session" owner="RequestsLibrary">
<msg time="2025-06-12T12:18:44.719639" level="INFO">Creating Session using : alias=baseURI, url=https://videogamedb.uk:443/, headers={},                     cookies={}, auth=None, timeout=None, proxies=None, verify=False,                     debug=0 </msg>
<arg>baseURI</arg>
<arg>${base_url}</arg>
<arg>verify=False</arg>
<doc>Create Session: create a HTTP session to a server</doc>
<status status="PASS" start="2025-06-12T12:18:44.718568" elapsed="0.001853"/>
</kw>
<kw name="Create Dictionary" owner="BuiltIn">
<msg time="2025-06-12T12:18:44.723689" level="INFO">&amp;{headers} = { content-type=application/json }</msg>
<var>&amp;{headers}</var>
<arg>content-type=application/json</arg>
<doc>Creates and returns a dictionary based on the given ``items``.</doc>
<status status="PASS" start="2025-06-12T12:18:44.722205" elapsed="0.001783"/>
</kw>
<kw name="Create Dictionary" owner="BuiltIn">
<msg time="2025-06-12T12:18:44.726825" level="INFO">&amp;{headers} = { }</msg>
<var>&amp;{headers}</var>
<doc>Creates and returns a dictionary based on the given ``items``.</doc>
<status status="PASS" start="2025-06-12T12:18:44.725795" elapsed="0.001181"/>
</kw>
<kw name="DELETE On Session" owner="RequestsLibrary">
<msg time="2025-06-12T12:18:45.559308" level="INFO">DELETE Request : url=https://videogamedb.uk:443/api/v2/videogame/2 
 path_url=/api/v2/videogame/2 
 headers={'User-Agent': 'python-requests/2.32.4', 'Accept-Encoding': 'gzip, deflate', 'Accept': '*/*', 'Connection': 'keep-alive', 'Content-Length': '0'} 
 body=None 
 </msg>
<msg time="2025-06-12T12:18:45.559589" level="INFO">DELETE Response : url=https://videogamedb.uk:443/api/v2/videogame/2 
 status=200, reason= 
 headers={'vary': 'Origin, Access-Control-Request-Method, Access-Control-Request-Headers', 'x-content-type-options': 'nosniff', 'x-xss-protection': '1; mode=block', 'cache-control': 'no-cache, no-store, max-age=0, must-revalidate', 'pragma': 'no-cache', 'expires': '0', 'x-frame-options': 'DENY', 'content-type': 'text/plain;charset=UTF-8', 'content-encoding': 'gzip', 'date': 'Thu, 12 Jun 2025 06:48:46 GMT', 'transfer-encoding': 'chunked', 'server': 'Fly/3e8bebaf (2025-06-05)', 'via': '1.1 fly.io, 1.1 fly.io', 'fly-request-id': '01JXHEBWBNQ8PCJSAQM0FBETW5-bom'} 
 body=Video game deleted 
 </msg>
<msg time="2025-06-12T12:18:45.559718" level="INFO">C:\Users\sampo\PycharmProjects\JuneRoboFwEgindia2025\.venv\Lib\site-packages\urllib3\connectionpool.py:1097: InsecureRequestWarning: Unverified HTTPS request is being made to host 'videogamedb.uk'. Adding certificate verification is strongly advised. See: https://urllib3.readthedocs.io/en/latest/advanced-usage.html#tls-warnings
  warnings.warn(</msg>
<msg time="2025-06-12T12:18:45.561127" level="INFO">${response} = &lt;Response [200]&gt;</msg>
<var>${response}</var>
<arg>baseURI</arg>
<arg>${Servicename}</arg>
<arg>headers=${headers}</arg>
<doc>Sends a DELETE request on a previously created HTTP Session.</doc>
<status status="PASS" start="2025-06-12T12:18:44.727984" elapsed="0.833222"/>
</kw>
<kw name="Log" owner="BuiltIn">
<msg time="2025-06-12T12:18:45.565143" level="INFO">&lt;Response [200]&gt;</msg>
<arg>${response}</arg>
<doc>Logs the given message with the given level.</doc>
<status status="PASS" start="2025-06-12T12:18:45.563977" elapsed="0.002202"/>
</kw>
<kw name="Log" owner="BuiltIn">
<msg time="2025-06-12T12:18:45.568697" level="INFO">200</msg>
<arg>${response.status_code}</arg>
<doc>Logs the given message with the given level.</doc>
<status status="PASS" start="2025-06-12T12:18:45.567440" elapsed="0.001334"/>
</kw>
<status status="PASS" start="2025-06-12T12:18:44.715724" elapsed="0.853637"/>
</test>
<status status="PASS" start="2025-06-12T12:18:43.961703" elapsed="1.609767"/>
</suite>
<statistics>
<total>
<stat pass="1" fail="0" skip="0">All Tests</stat>
</total>
<tag>
</tag>
<suite>
<stat name="DELETE" id="s1" pass="1" fail="0" skip="0">DELETE</stat>
</suite>
</statistics>
<errors>
</errors>
</robot>
